Arguments: 
  /home/chaki/.nodenv/versions/14.5.0/bin/node /usr/share/yarn/bin/yarn.js

PATH: 
  /home/chaki/.nodenv/versions/14.5.0/bin:/home/chaki/.nodenv/libexec:/home/chaki/.nodenv/plugins/node-build/bin:/home/chaki/.vscode-server/bin/485c41f9460bdb830c4da12c102daff275415b53/bin:/home/chaki/.nodenv/shims:/home/chaki/.nodenv/bin:/usr/local/sbin:/usr/local/bin:/usr/sbin:/usr/bin:/sbin:/bin:/usr/games:/usr/local/games:/mnt/c/Program Files (x86)/NetSarang/Xshell 6/:/mnt/c/Program Files (x86)/NetSarang/Xftp 6/:/mnt/c/Program Files/Amazon Corretto/jdk11.0.3_7/bin:/mnt/c/Windows/system32:/mnt/c/Windows:/mnt/c/Windows/System32/Wbem:/mnt/c/Windows/System32/WindowsPowerShell/v1.0/:/mnt/c/Windows/System32/OpenSSH/:/mnt/c/Program Files (x86)/NVIDIA Corporation/PhysX/Common:/mnt/c/Program Files/Git/cmd:/mnt/c/apache-maven-3.6.3/bin:/mnt/c/Program Files (x86)/Nodist/bin:/mnt/c/PROGRA~1/JPKI:/mnt/c/WINDOWS/system32:/mnt/c/WINDOWS:/mnt/c/WINDOWS/System32/Wbem:/mnt/c/WINDOWS/System32/WindowsPowerShell/v1.0/:/mnt/c/WINDOWS/System32/OpenSSH/:/mnt/c/Program Files/Pandoc/:/mnt/c/Program Files/Amazon/AWSCLIV2/:/mnt/c/Program Files (x86)/Common Files/Sony Shared/FeliCaLibrary:/mnt/c/Program Files/Common Files/Sony Shared/FeliCaLibrary:/mnt/c/Program Files (x86)/Common Files/Sony Shared/FeliCaNFCLibrary:/mnt/c/Program Files/Common Files/Sony Shared/FeliCaNFCLibrary:/mnt/c/Program Files (x86)/Common Files/Oracle/Java/javapath:/mnt/c/Users/ichiw/AppData/Local/Programs/Python/Python38/Scripts/:/mnt/c/Users/ichiw/AppData/Local/Programs/Python/Python38/:/mnt/c/Python27:/mnt/c/Users/ichiw/AppData/Local/Microsoft/WindowsApps:/mnt/c/Program Files/Bandizip/:/mnt/c/Users/ichiw/AppData/Local/Programs/Microsoft VS Code/bin:/mnt/c/Program Files/heroku/bin:/mnt/c/Program Files/PostgreSQL/10/bin:/mnt/d/tools/geogig/bin:/mnt/c/Program Files/JetBrains/IntelliJ IDEA 2020.1.1/bin:/snap/bin

Yarn version: 
  1.22.4

Node version: 
  14.5.0

Platform: 
  linux x64

Trace: 
  SyntaxError: /mnt/d/git/cadix-vt-client/package.json: Unexpected token } in JSON at position 1832
      at JSON.parse (<anonymous>)
      at /usr/share/yarn/lib/cli.js:1625:59
      at Generator.next (<anonymous>)
      at step (/usr/share/yarn/lib/cli.js:310:30)
      at /usr/share/yarn/lib/cli.js:321:13

npm manifest: 
  {
    "name": "building-a-geospatial-app",
    "version": "0.0.1",
    "scripts": {
      "start": "webpack-dev-server --config ./webpack.config.js --mode development",
      "build": "webpack --config ./webpack.config.js"
    },
    "dependencies": {
      "@nebula.gl/layers": "file:../../nebula.gl/layers",
      "@nebula.gl/overlays": "file:../../nebula.gl/overlays",
      "@nebula.gl/editor": "file:../../nebula.gl/editor",
      "@nebula.gl/edit-modes": "file:../../nebula.gl/edit-modes",
      "@turf/difference": "^6.0.1",
      "color-convert": "^2.0.1",
      "deck.gl": "^8.2.2",
      "geobuf": "^3.0.1",
      "i": "^0.3.6",
      "luma.gl": "^7.3.2",
      "npm": "^6.14.6",
      "pbf": "^3.2.1",
      "react": "^16.13.1",
      "react-dom": "^16.13.1",
      "react-map-gl": "^5.2.7",
      "react-vis": "^1.11.7",
      "styled-components": "^5.1.1"
    },
    "babel": {
      "presets": [
        "@babel/preset-env",
        "@babel/preset-react"
      ],
      "plugins": [
        "@babel/plugin-proposal-class-properties"
      ]
    },
    "devDependencies": {
      "@babel/core": "^7.10.4",
      "@babel/plugin-proposal-class-properties": "^7.10.4",
      "@babel/preset-env": "^7.10.4",
      "@babel/preset-react": "^7.10.4",
      "babel-loader": "^8.1.0",
      "react-hot-loader": "^4.12.21",
      "webpack": "^4.43.0",
      "webpack-cli": "^3.3.12",
      "webpack-dev-server": "^3.11.0",
      "ts-loader": "^8.0.0",
      "typescript": "^3.9.6",
      "@types/react": "^16.9.41",
      "@types/react-dom": "^16.9.8",
      "@types/react-router-dom": "^5.1.5",
      "@types/webpack-env": "^1.15.2"
    },
    "resolutions": {
      "@turf/difference": "6.0.1",
      "@nebula.gl/layers": "file:../../nebula.gl/layers",
      "@nebula.gl/overlays": "file:../../nebula.gl/overlays",
      "@nebula.gl/editor": "file:../../nebula.gl/editor",
      "@nebula.gl/edit-modes": "file:../../nebula.gl/edit-modes",
    }
  }

yarn manifest: 
  No manifest

Lockfile: 
  No lockfile
